Classic Timing Analyzer report for madd
Wed Dec 22 00:00:43 2021
Quartus II Version 9.0 Build 184 04/29/2009 Service Pack 1 SJ Web Edition


---------------------
; Table of Contents ;
---------------------
  1. Legal Notice
  2. Timing Analyzer Summary
  3. Timing Analyzer Settings
  4. Parallel Compilation
  5. tpd
  6. Timing Analyzer Messages



----------------
; Legal Notice ;
----------------
Copyright (C) 1991-2009 Altera Corporation
Your use of Altera Corporation's design tools, logic functions 
and other software and tools, and its AMPP partner logic 
functions, and any output files from any of the foregoing 
(including device programming or simulation files), and any 
associated documentation or information are expressly subject 
to the terms and conditions of the Altera Program License 
Subscription Agreement, Altera MegaCore Function License 
Agreement, or other applicable license agreement, including, 
without limitation, that your use is for the sole purpose of 
programming logic devices manufactured by Altera and sold by 
Altera or its authorized distributors.  Please refer to the 
applicable agreement for further details.



+-------------------------------------------------------------------------------------------------------------------------+
; Timing Analyzer Summary                                                                                                 ;
+------------------------------+-------+---------------+-------------+------+------+------------+----------+--------------+
; Type                         ; Slack ; Required Time ; Actual Time ; From ; To   ; From Clock ; To Clock ; Failed Paths ;
+------------------------------+-------+---------------+-------------+------+------+------------+----------+--------------+
; Worst-case tpd               ; N/A   ; None          ; 15.850 ns   ; b[4] ; y[4] ; --         ; --       ; 0            ;
; Total number of failed paths ;       ;               ;             ;      ;      ;            ;          ; 0            ;
+------------------------------+-------+---------------+-------------+------+------+------------+----------+--------------+


+--------------------------------------------------------------------------------------------------------------------+
; Timing Analyzer Settings                                                                                           ;
+---------------------------------------------------------------------+--------------------+------+----+-------------+
; Option                                                              ; Setting            ; From ; To ; Entity Name ;
+---------------------------------------------------------------------+--------------------+------+----+-------------+
; Device Name                                                         ; EP2C5F256C8        ;      ;    ;             ;
; Timing Models                                                       ; Final              ;      ;    ;             ;
; Default hold multicycle                                             ; Same as Multicycle ;      ;    ;             ;
; Cut paths between unrelated clock domains                           ; On                 ;      ;    ;             ;
; Cut off read during write signal paths                              ; On                 ;      ;    ;             ;
; Cut off feedback from I/O pins                                      ; On                 ;      ;    ;             ;
; Report Combined Fast/Slow Timing                                    ; Off                ;      ;    ;             ;
; Ignore Clock Settings                                               ; Off                ;      ;    ;             ;
; Analyze latches as synchronous elements                             ; On                 ;      ;    ;             ;
; Enable Recovery/Removal analysis                                    ; Off                ;      ;    ;             ;
; Enable Clock Latency                                                ; Off                ;      ;    ;             ;
; Use TimeQuest Timing Analyzer                                       ; Off                ;      ;    ;             ;
; Minimum Core Junction Temperature                                   ; 0                  ;      ;    ;             ;
; Maximum Core Junction Temperature                                   ; 85                 ;      ;    ;             ;
; Number of source nodes to report per destination node               ; 10                 ;      ;    ;             ;
; Number of destination nodes to report                               ; 10                 ;      ;    ;             ;
; Number of paths to report                                           ; 200                ;      ;    ;             ;
; Report Minimum Timing Checks                                        ; Off                ;      ;    ;             ;
; Use Fast Timing Models                                              ; Off                ;      ;    ;             ;
; Report IO Paths Separately                                          ; Off                ;      ;    ;             ;
; Perform Multicorner Analysis                                        ; On                 ;      ;    ;             ;
; Reports the worst-case path for each clock domain and analysis      ; Off                ;      ;    ;             ;
; Removes common clock path pessimism (CCPP) during slack computation ; Off                ;      ;    ;             ;
; Output I/O Timing Endpoint                                          ; Near End           ;      ;    ;             ;
+---------------------------------------------------------------------+--------------------+------+----+-------------+


Parallel compilation was disabled, but you have multiple processors available. Enable parallel compilation to reduce compilation time.
+-------------------------------------+
; Parallel Compilation                ;
+----------------------------+--------+
; Processors                 ; Number ;
+----------------------------+--------+
; Number detected on machine ; 4      ;
; Maximum allowed            ; 1      ;
+----------------------------+--------+


+--------------------------------------------------------------+
; tpd                                                          ;
+-------+-------------------+-----------------+---------+------+
; Slack ; Required P2P Time ; Actual P2P Time ; From    ; To   ;
+-------+-------------------+-----------------+---------+------+
; N/A   ; None              ; 15.850 ns       ; b[4]    ; y[4] ;
; N/A   ; None              ; 15.070 ns       ; MADD[0] ; y[4] ;
; N/A   ; None              ; 15.045 ns       ; a[6]    ; y[6] ;
; N/A   ; None              ; 14.916 ns       ; MADD[0] ; y[6] ;
; N/A   ; None              ; 14.649 ns       ; a[1]    ; y[1] ;
; N/A   ; None              ; 14.578 ns       ; b[6]    ; y[6] ;
; N/A   ; None              ; 14.506 ns       ; b[1]    ; y[1] ;
; N/A   ; None              ; 14.401 ns       ; MADD[1] ; y[6] ;
; N/A   ; None              ; 14.258 ns       ; c[1]    ; y[1] ;
; N/A   ; None              ; 14.257 ns       ; MADD[1] ; y[4] ;
; N/A   ; None              ; 14.020 ns       ; MADD[1] ; y[1] ;
; N/A   ; None              ; 14.011 ns       ; MADD[0] ; y[1] ;
; N/A   ; None              ; 13.915 ns       ; b[2]    ; y[2] ;
; N/A   ; None              ; 13.864 ns       ; c[6]    ; y[6] ;
; N/A   ; None              ; 13.806 ns       ; b[0]    ; y[0] ;
; N/A   ; None              ; 13.784 ns       ; a[0]    ; y[0] ;
; N/A   ; None              ; 13.775 ns       ; MADD[0] ; y[2] ;
; N/A   ; None              ; 13.647 ns       ; a[7]    ; y[7] ;
; N/A   ; None              ; 13.486 ns       ; a[2]    ; y[2] ;
; N/A   ; None              ; 13.359 ns       ; MADD[0] ; y[5] ;
; N/A   ; None              ; 13.356 ns       ; MADD[0] ; y[0] ;
; N/A   ; None              ; 13.168 ns       ; MADD[0] ; y[7] ;
; N/A   ; None              ; 13.163 ns       ; MADD[1] ; y[5] ;
; N/A   ; None              ; 12.962 ns       ; c[5]    ; y[5] ;
; N/A   ; None              ; 12.956 ns       ; MADD[1] ; y[2] ;
; N/A   ; None              ; 12.855 ns       ; b[7]    ; y[7] ;
; N/A   ; None              ; 12.832 ns       ; MADD[1] ; y[0] ;
; N/A   ; None              ; 12.725 ns       ; b[3]    ; y[3] ;
; N/A   ; None              ; 12.672 ns       ; MADD[1] ; y[7] ;
; N/A   ; None              ; 12.244 ns       ; MADD[0] ; y[3] ;
; N/A   ; None              ; 12.144 ns       ; c[7]    ; y[7] ;
; N/A   ; None              ; 12.010 ns       ; c[2]    ; y[2] ;
; N/A   ; None              ; 11.903 ns       ; a[3]    ; y[3] ;
; N/A   ; None              ; 11.724 ns       ; MADD[1] ; y[3] ;
; N/A   ; None              ; 11.550 ns       ; c[0]    ; y[0] ;
; N/A   ; None              ; 10.947 ns       ; a[4]    ; y[4] ;
; N/A   ; None              ; 10.857 ns       ; c[3]    ; y[3] ;
; N/A   ; None              ; 9.242 ns        ; a[5]    ; y[5] ;
; N/A   ; None              ; 8.856 ns        ; c[4]    ; y[4] ;
; N/A   ; None              ; 8.424 ns        ; b[5]    ; y[5] ;
+-------+-------------------+-----------------+---------+------+


+--------------------------+
; Timing Analyzer Messages ;
+--------------------------+
Info: *******************************************************************
Info: Running Quartus II Classic Timing Analyzer
    Info: Version 9.0 Build 184 04/29/2009 Service Pack 1 SJ Web Edition
    Info: Processing started: Wed Dec 22 00:00:43 2021
Info: Command: quartus_tan --read_settings_files=off --write_settings_files=off madd -c madd --timing_analysis_only
Info: Longest tpd from source pin "b[4]" to destination pin "y[4]" is 15.850 ns
    Info: 1: + IC(0.000 ns) + CELL(0.925 ns) = 0.925 ns; Loc. = PIN_M3; Fanout = 1; PIN Node = 'b[4]'
    Info: 2: + IC(6.804 ns) + CELL(0.206 ns) = 7.935 ns; Loc. = LCCOMB_X27_Y6_N0; Fanout = 1; COMB Node = 'y~32'
    Info: 3: + IC(0.691 ns) + CELL(0.651 ns) = 9.277 ns; Loc. = LCCOMB_X27_Y6_N2; Fanout = 1; COMB Node = 'y~33'
    Info: 4: + IC(3.547 ns) + CELL(3.026 ns) = 15.850 ns; Loc. = PIN_K2; Fanout = 0; PIN Node = 'y[4]'
    Info: Total cell delay = 4.808 ns ( 30.33 % )
    Info: Total interconnect delay = 11.042 ns ( 69.67 % )
Info: Quartus II Classic Timing Analyzer was successful. 0 errors, 0 warnings
    Info: Peak virtual memory: 178 megabytes
    Info: Processing ended: Wed Dec 22 00:00:43 2021
    Info: Elapsed time: 00:00:00
    Info: Total CPU time (on all processors): 00:00:00


